  Shader.cpp
D:\work\GitHub\VoxelEngine\src\Graphics\Shader.cpp(7,10): fatal error C1083: Не удается открыть файл включение: glad/glad.h: No such file or directory,
  Texture.cpp
D:\work\GitHub\VoxelEngine\src\Graphics\Texture.cpp(2,10): fatal error C1083: Не удается открыть файл включение: glad/glad.h: No such file or directory,
  png_loading.cpp
D:\work\GitHub\VoxelEngine\src\loaders\png_loading.cpp(4,10): fatal error C1083: Не удается открыть файл включение: glad/glad.h: No such file or directory,
  main.cpp
D:\work\GitHub\VoxelEngine\src\main.cpp(3,10): fatal error C1083: Не удается открыть файл включение: glad/glad.h: No such file or directory,
  Events.cpp
D:\work\GitHub\VoxelEngine\src\Window\Events.cpp(2,10): fatal error C1083: Не удается открыть файл включение: GLFW/glfw3.h: No such file or directory,
  Window.cpp
D:\work\GitHub\VoxelEngine\src\Window\Window.cpp(2,10): fatal error C1083: Не удается открыть файл включение: glad/glad.h: No such file or directory,
  Создание кода...

Итоги по проекту:
     3450 мс вызовов   1 D:\work\GitHub\VoxelEngine\vs\VoxelEngine\VoxelEngine.vcxproj
               3450 мс вызовов   1 Build                                   

Итоги по целям:
        0 мс вызовов   1 PreBuildEvent                           
        0 мс вызовов   1 AfterResolveReferences                  
        0 мс вызовов   1 ResolveReferences                       
        0 мс вызовов   1 BuildGenerateSources                    
        0 мс вызовов   1 BuildGenerateSourcesTraverse            
        0 мс вызовов   1 BeforeBuildGenerateSources              
        0 мс вызовов   1 SelectClCompile                         
        0 мс вызовов   1 ResolveAssemblyReferences               
        0 мс вызовов   1 _SelectedFiles                          
        0 мс вызовов   1 ComputeCustomBuildOutput                
        0 мс вызовов   1 _BuildGenerateSourcesAction             
        0 мс вызовов   1 AfterBuildGenerateSourcesEvent          
        0 мс вызовов   1 _Xsd                                    
        0 мс вызовов   1 AfterBuildGenerateSources               
        0 мс вызовов   1 ComputeMIDLGeneratedCompileInputs       
        0 мс вызовов   1 SelectCustomBuild                       
        0 мс вызовов   1 ExpandSDKReferences                     
        0 мс вызовов   1 ResolveSDKReferences                    
        0 мс вызовов   1 BuildCompileTraverse                    
        0 мс вызовов   1 MakeDirsForCl                           
        0 мс вызовов   1 _PrepareForBuild                        
        0 мс вызовов   1 _PrepareForReferenceResolution          
        0 мс вызовов   1 BeforeResolveReferences                 
        0 мс вызовов   1 ComputeReferenceCLInput                 
        0 мс вызовов   1 _SplitProjectReferencesByFileExistence  
        0 мс вызовов   1 GetReferencedVCProjectsInfo             
        0 мс вызовов   1 PrepareProjectReferences                
        0 мс вызовов   1 ResolveProjectReferences                
        0 мс вызовов   1 FindReferenceAssembliesForReferences    
        0 мс вызовов   1 GetReferenceAssemblyPaths               
        0 мс вызовов   1 ComputeCLInputPDBName                   
        0 мс вызовов   1 GetResolvedWinMD                        
        0 мс вызовов   1 _CheckWindowsSDKInstalled               
        0 мс вызовов   1 BeforeClCompile                         
        0 мс вызовов   1 _Midl                                   
        1 мс вызовов   1 AfterMidl                               
        1 мс вызовов   1 _CheckForInvalidConfigurationAndPlatform
        1 мс вызовов   1 AssignProjectConfiguration              
        1 мс вызовов   1 GetFrameworkPaths                       
        1 мс вызовов   1 SetCABuildNativeEnvironmentVariables    
        1 мс вызовов   1 CopyFileToFolders                       
        1 мс вызовов   1 CustomBuild                             
        1 мс вызовов   1 SetBuildDefaultEnvironmentVariables     
        1 мс вызовов   1 _GetProjectReferenceTargetFrameworkProperties
        1 мс вызовов   1 SetTelemetryEnvironmentVariables        
        1 мс вызовов   1 FixupCLCompileOptions                   
        2 мс вызовов   1 InitializeBuildStatus                   
        2 мс вызовов   1 WarnCompileDuplicatedFilename           
        2 мс вызовов   1 PrepareForBuild                         
        3 мс вызовов   1 MakeDirsForMidl                         
     3428 мс вызовов   1 ClCompile                               
